# JRE version: Java(TM) SE Runtime Environment (8.0_131-b11) (build 1.8.0_131-b11)
# Java VM: Java HotSpot(TM) 64-Bit Server VM (25.131-b11 mixed mode bsd-amd64 compressed oops)
Heap:
 PSYoungGen      total 141824K, used 13350K [0x00000007aab00000, 0x00000007bc000000, 0x00000007c0000000)
  eden space 131072K, 1% used [0x00000007aab00000,0x00000007aad89958,0x00000007b2b00000)
  from space 10752K, 100% used [0x00000007b2b00000,0x00000007b3580000,0x00000007b3580000)
  to   space 10752K, 0% used [0x00000007bb580000,0x00000007bb580000,0x00000007bc000000)
 ParOldGen       total 175104K, used 85957K [0x0000000780000000, 0x000000078ab00000, 0x00000007aab00000)
  object space 175104K, 49% used [0x0000000780000000,0x00000007853f17b0,0x000000078ab00000)
 Metaspace       used 9987K, capacity 10590K, committed 10624K, reserved 1058816K
  class space    used 1225K, capacity 1385K, committed 1408K, reserved 1048576K
GC Heap History (6 events):
Event: 2.548 GC heap before
{Heap before GC invocations=1 (full 0):
 PSYoungGen      total 76288K, used 65536K [0x00000007aab00000, 0x00000007b0000000, 0x00000007c0000000)
  eden space 65536K, 100% used [0x00000007aab00000,0x00000007aeb00000,0x00000007aeb00000)
  from space 10752K, 0% used [0x00000007af580000,0x00000007af580000,0x00000007b0000000)
  to   space 10752K, 0% used [0x00000007aeb00000,0x00000007aeb00000,0x00000007af580000)
 ParOldGen       total 175104K, used 0K [0x0000000780000000, 0x000000078ab00000, 0x00000007aab00000)
  object space 175104K, 0% used [0x0000000780000000,0x0000000780000000,0x000000078ab00000)
 Metaspace       used 7078K, capacity 7364K, committed 7680K, reserved 1056768K
  class space    used 830K, capacity 922K, committed 1024K, reserved 1048576K
Event: 2.594 GC heap after
Heap after GC invocations=1 (full 0):
 PSYoungGen      total 76288K, used 10736K [0x00000007aab00000, 0x00000007b4000000, 0x00000007c0000000)
  eden space 65536K, 0% used [0x00000007aab00000,0x00000007aab00000,0x00000007aeb00000)
  from space 10752K, 99% used [0x00000007aeb00000,0x00000007af57c090,0x00000007af580000)
  to   space 10752K, 0% used [0x00000007b3580000,0x00000007b3580000,0x00000007b4000000)
 ParOldGen       total 175104K, used 37692K [0x0000000780000000, 0x000000078ab00000, 0x00000007aab00000)
  object space 175104K, 21% used [0x0000000780000000,0x00000007824cf2a8,0x000000078ab00000)
 Metaspace       used 7078K, capacity 7364K, committed 7680K, reserved 1056768K
  class space    used 830K, capacity 922K, committed 1024K, reserved 1048576K
}
Event: 3.376 GC heap before
{Heap before GC invocations=2 (full 0):
 PSYoungGen      total 76288K, used 76272K [0x00000007aab00000, 0x00000007b4000000, 0x00000007c0000000)
  eden space 65536K, 100% used [0x00000007aab00000,0x00000007aeb00000,0x00000007aeb00000)
  from space 10752K, 99% used [0x00000007aeb00000,0x00000007af57c090,0x00000007af580000)
  to   space 10752K, 0% used [0x00000007b3580000,0x00000007b3580000,0x00000007b4000000)
 ParOldGen       total 175104K, used 37692K [0x0000000780000000, 0x000000078ab00000, 0x00000007aab00000)
  object space 175104K, 21% used [0x0000000780000000,0x00000007824cf2a8,0x000000078ab00000)
 Metaspace       used 7881K, capacity 8370K, committed 8576K, reserved 1056768K
  class space    used 944K, capacity 1079K, committed 1152K, reserved 1048576K
Event: 3.418 GC heap after
Heap after GC invocations=2 (full 0):
 PSYoungGen      total 141824K, used 10752K [0x00000007aab00000, 0x00000007b4000000, 0x00000007c0000000)
  eden space 131072K, 0% used [0x00000007aab00000,0x00000007aab00000,0x00000007b2b00000)
  from space 10752K, 100% used [0x00000007b3580000,0x00000007b4000000,0x00000007b4000000)
  to   space 10752K, 0% used [0x00000007b2b00000,0x00000007b2b00000,0x00000007b3580000)
 ParOldGen       total 175104K, used 55239K [0x0000000780000000, 0x000000078ab00000, 0x00000007aab00000)
  object space 175104K, 31% used [0x0000000780000000,0x00000007835f1e78,0x000000078ab00000)
 Metaspace       used 7881K, capacity 8370K, committed 8576K, reserved 1056768K
  class space    used 944K, capacity 1079K, committed 1152K, reserved 1048576K
}
Event: 6.622 GC heap before
{Heap before GC invocations=3 (full 0):
 PSYoungGen      total 141824K, used 141824K [0x00000007aab00000, 0x00000007b4000000, 0x00000007c0000000)
  eden space 131072K, 100% used [0x00000007aab00000,0x00000007b2b00000,0x00000007b2b00000)
  from space 10752K, 100% used [0x00000007b3580000,0x00000007b4000000,0x00000007b4000000)
  to   space 10752K, 0% used [0x00000007b2b00000,0x00000007b2b00000,0x00000007b3580000)
 ParOldGen       total 175104K, used 55239K [0x0000000780000000, 0x000000078ab00000, 0x00000007aab00000)
  object space 175104K, 31% used [0x0000000780000000,0x00000007835f1e78,0x000000078ab00000)
 Metaspace       used 9966K, capacity 10590K, committed 10624K, reserved 1058816K
  class space    used 1222K, capacity 1385K, committed 1408K, reserved 1048576K
Event: 6.678 GC heap after
Heap after GC invocations=3 (full 0):
 PSYoungGen      total 141824K, used 10752K [0x00000007aab00000, 0x00000007bc000000, 0x00000007c0000000)
  eden space 131072K, 0% used [0x00000007aab00000,0x00000007aab00000,0x00000007b2b00000)
  from space 10752K, 100% used [0x00000007b2b00000,0x00000007b3580000,0x00000007b3580000)
  to   space 10752K, 0% used [0x00000007bb580000,0x00000007bb580000,0x00000007bc000000)
 ParOldGen       total 175104K, used 85957K [0x0000000780000000, 0x000000078ab00000, 0x00000007aab00000)
  object space 175104K, 49% used [0x0000000780000000,0x00000007853f17b0,0x000000078ab00000)
 Metaspace       used 9966K, capacity 10590K, committed 10624K, reserved 1058816K
  class space    used 1222K, capacity 1385K, committed 1408K, reserved 1048576K
}

